<?xml version="1.0" encoding="UTF-8"?>
<testsuite xmlns:xsi="http://www.w3.org/2001/XMLSchema-instance" xsi:noNamespaceSchemaLocation="https://maven.apache.org/surefire/maven-surefire-plugin/xsd/surefire-test-report-3.0.xsd" version="3.0" name="com.smarthomes.test.TestSemanticSearch" time="2.705" tests="2" errors="0" skipped="0" failures="0">
  <properties>
    <property name="java.specification.version" value="22"/>
    <property name="sun.jnu.encoding" value="UTF-8"/>
    <property name="java.class.path" value="/Users/kailashcs/Documents/HW5_Shenoy, Kasargod Kailash Chandra/Source Code/SmartHomesBackend/target/test-classes:/Users/kailashcs/Documents/HW5_Shenoy, Kasargod Kailash Chandra/Source Code/SmartHomesBackend/target/classes:/Users/kailashcs/.m2/repository/javax/servlet/javax.servlet-api/4.0.1/javax.servlet-api-4.0.1.jar:/Users/kailashcs/.m2/repository/com/google/code/gson/gson/2.8.9/gson-2.8.9.jar:/Users/kailashcs/.m2/repository/io/jsonwebtoken/jjwt-api/0.11.5/jjwt-api-0.11.5.jar:/Users/kailashcs/.m2/repository/io/jsonwebtoken/jjwt-impl/0.11.5/jjwt-impl-0.11.5.jar:/Users/kailashcs/.m2/repository/io/jsonwebtoken/jjwt-jackson/0.11.5/jjwt-jackson-0.11.5.jar:/Users/kailashcs/.m2/repository/mysql/mysql-connector-java/8.0.27/mysql-connector-java-8.0.27.jar:/Users/kailashcs/.m2/repository/com/google/protobuf/protobuf-java/3.11.4/protobuf-java-3.11.4.jar:/Users/kailashcs/.m2/repository/org/postgresql/postgresql/42.3.1/postgresql-42.3.1.jar:/Users/kailashcs/.m2/repository/org/checkerframework/checker-qual/3.5.0/checker-qual-3.5.0.jar:/Users/kailashcs/.m2/repository/org/mongodb/mongodb-driver-sync/4.3.4/mongodb-driver-sync-4.3.4.jar:/Users/kailashcs/.m2/repository/org/mongodb/bson/4.3.4/bson-4.3.4.jar:/Users/kailashcs/.m2/repository/org/mongodb/mongodb-driver-core/4.3.4/mongodb-driver-core-4.3.4.jar:/Users/kailashcs/.m2/repository/org/mindrot/jbcrypt/0.4/jbcrypt-0.4.jar:/Users/kailashcs/.m2/repository/com/zaxxer/HikariCP/4.0.3/HikariCP-4.0.3.jar:/Users/kailashcs/.m2/repository/org/slf4j/slf4j-api/2.0.0-alpha1/slf4j-api-2.0.0-alpha1.jar:/Users/kailashcs/.m2/repository/com/fasterxml/jackson/core/jackson-databind/2.15.2/jackson-databind-2.15.2.jar:/Users/kailashcs/.m2/repository/com/fasterxml/jackson/core/jackson-annotations/2.15.2/jackson-annotations-2.15.2.jar:/Users/kailashcs/.m2/repository/com/fasterxml/jackson/core/jackson-core/2.15.2/jackson-core-2.15.2.jar:/Users/kailashcs/.m2/repository/com/fasterxml/jackson/datatype/jackson-datatype-jsr310/2.15.2/jackson-datatype-jsr310-2.15.2.jar:/Users/kailashcs/.m2/repository/com/squareup/okhttp3/okhttp/4.9.3/okhttp-4.9.3.jar:/Users/kailashcs/.m2/repository/com/squareup/okio/okio/2.8.0/okio-2.8.0.jar:/Users/kailashcs/.m2/repository/org/jetbrains/kotlin/kotlin-stdlib-common/1.4.0/kotlin-stdlib-common-1.4.0.jar:/Users/kailashcs/.m2/repository/org/jetbrains/kotlin/kotlin-stdlib/1.4.10/kotlin-stdlib-1.4.10.jar:/Users/kailashcs/.m2/repository/org/jetbrains/annotations/13.0/annotations-13.0.jar:/Users/kailashcs/.m2/repository/org/apache/httpcomponents/httpclient/4.5.14/httpclient-4.5.14.jar:/Users/kailashcs/.m2/repository/org/apache/httpcomponents/httpcore/4.4.16/httpcore-4.4.16.jar:/Users/kailashcs/.m2/repository/commons-logging/commons-logging/1.2/commons-logging-1.2.jar:/Users/kailashcs/.m2/repository/commons-codec/commons-codec/1.11/commons-codec-1.11.jar:/Users/kailashcs/.m2/repository/org/json/json/20210307/json-20210307.jar:/Users/kailashcs/.m2/repository/jakarta/json/jakarta.json-api/2.1.1/jakarta.json-api-2.1.1.jar:/Users/kailashcs/.m2/repository/co/elastic/clients/elasticsearch-java/8.12.0/elasticsearch-java-8.12.0.jar:/Users/kailashcs/.m2/repository/com/google/code/findbugs/jsr305/3.0.2/jsr305-3.0.2.jar:/Users/kailashcs/.m2/repository/org/eclipse/parsson/parsson/1.0.0/parsson-1.0.0.jar:/Users/kailashcs/.m2/repository/io/opentelemetry/opentelemetry-api/1.29.0/opentelemetry-api-1.29.0.jar:/Users/kailashcs/.m2/repository/io/opentelemetry/opentelemetry-context/1.29.0/opentelemetry-context-1.29.0.jar:/Users/kailashcs/.m2/repository/org/elasticsearch/client/elasticsearch-rest-client/8.12.0/elasticsearch-rest-client-8.12.0.jar:/Users/kailashcs/.m2/repository/org/apache/httpcomponents/httpasyncclient/4.1.5/httpasyncclient-4.1.5.jar:/Users/kailashcs/.m2/repository/org/apache/httpcomponents/httpcore-nio/4.4.13/httpcore-nio-4.4.13.jar:/Users/kailashcs/.m2/repository/junit/junit/4.13.2/junit-4.13.2.jar:/Users/kailashcs/.m2/repository/org/hamcrest/hamcrest-core/1.3/hamcrest-core-1.3.jar:/Users/kailashcs/.m2/repository/org/mockito/mockito-core/5.3.1/mockito-core-5.3.1.jar:/Users/kailashcs/.m2/repository/net/bytebuddy/byte-buddy/1.14.4/byte-buddy-1.14.4.jar:/Users/kailashcs/.m2/repository/net/bytebuddy/byte-buddy-agent/1.14.4/byte-buddy-agent-1.14.4.jar:/Users/kailashcs/.m2/repository/org/objenesis/objenesis/3.3/objenesis-3.3.jar:"/>
    <property name="java.vm.vendor" value="Azul Systems, Inc."/>
    <property name="sun.arch.data.model" value="64"/>
    <property name="java.vendor.url" value="http://www.azul.com/"/>
    <property name="os.name" value="Mac OS X"/>
    <property name="java.vm.specification.version" value="22"/>
    <property name="sun.java.launcher" value="SUN_STANDARD"/>
    <property name="user.country" value="IN"/>
    <property name="sun.boot.library.path" value="/Library/Java/JavaVirtualMachines/zulu-22.jdk/Contents/Home/lib"/>
    <property name="sun.java.command" value="/Users/kailashcs/Documents/HW5_Shenoy, Kasargod Kailash Chandra/Source Code/SmartHomesBackend/target/surefire/surefirebooter-20241121123536869_3.jar /Users/kailashcs/Documents/HW5_Shenoy, Kasargod Kailash Chandra/Source Code/SmartHomesBackend/target/surefire 2024-11-21T12-35-36_813-jvmRun1 surefire-20241121123536869_1tmp surefire_0-20241121123536869_2tmp"/>
    <property name="http.nonProxyHosts" value="local|*.local|169.254/16|*.169.254/16"/>
    <property name="jdk.debug" value="release"/>
    <property name="surefire.test.class.path" value="/Users/kailashcs/Documents/HW5_Shenoy, Kasargod Kailash Chandra/Source Code/SmartHomesBackend/target/test-classes:/Users/kailashcs/Documents/HW5_Shenoy, Kasargod Kailash Chandra/Source Code/SmartHomesBackend/target/classes:/Users/kailashcs/.m2/repository/javax/servlet/javax.servlet-api/4.0.1/javax.servlet-api-4.0.1.jar:/Users/kailashcs/.m2/repository/com/google/code/gson/gson/2.8.9/gson-2.8.9.jar:/Users/kailashcs/.m2/repository/io/jsonwebtoken/jjwt-api/0.11.5/jjwt-api-0.11.5.jar:/Users/kailashcs/.m2/repository/io/jsonwebtoken/jjwt-impl/0.11.5/jjwt-impl-0.11.5.jar:/Users/kailashcs/.m2/repository/io/jsonwebtoken/jjwt-jackson/0.11.5/jjwt-jackson-0.11.5.jar:/Users/kailashcs/.m2/repository/mysql/mysql-connector-java/8.0.27/mysql-connector-java-8.0.27.jar:/Users/kailashcs/.m2/repository/com/google/protobuf/protobuf-java/3.11.4/protobuf-java-3.11.4.jar:/Users/kailashcs/.m2/repository/org/postgresql/postgresql/42.3.1/postgresql-42.3.1.jar:/Users/kailashcs/.m2/repository/org/checkerframework/checker-qual/3.5.0/checker-qual-3.5.0.jar:/Users/kailashcs/.m2/repository/org/mongodb/mongodb-driver-sync/4.3.4/mongodb-driver-sync-4.3.4.jar:/Users/kailashcs/.m2/repository/org/mongodb/bson/4.3.4/bson-4.3.4.jar:/Users/kailashcs/.m2/repository/org/mongodb/mongodb-driver-core/4.3.4/mongodb-driver-core-4.3.4.jar:/Users/kailashcs/.m2/repository/org/mindrot/jbcrypt/0.4/jbcrypt-0.4.jar:/Users/kailashcs/.m2/repository/com/zaxxer/HikariCP/4.0.3/HikariCP-4.0.3.jar:/Users/kailashcs/.m2/repository/org/slf4j/slf4j-api/2.0.0-alpha1/slf4j-api-2.0.0-alpha1.jar:/Users/kailashcs/.m2/repository/com/fasterxml/jackson/core/jackson-databind/2.15.2/jackson-databind-2.15.2.jar:/Users/kailashcs/.m2/repository/com/fasterxml/jackson/core/jackson-annotations/2.15.2/jackson-annotations-2.15.2.jar:/Users/kailashcs/.m2/repository/com/fasterxml/jackson/core/jackson-core/2.15.2/jackson-core-2.15.2.jar:/Users/kailashcs/.m2/repository/com/fasterxml/jackson/datatype/jackson-datatype-jsr310/2.15.2/jackson-datatype-jsr310-2.15.2.jar:/Users/kailashcs/.m2/repository/com/squareup/okhttp3/okhttp/4.9.3/okhttp-4.9.3.jar:/Users/kailashcs/.m2/repository/com/squareup/okio/okio/2.8.0/okio-2.8.0.jar:/Users/kailashcs/.m2/repository/org/jetbrains/kotlin/kotlin-stdlib-common/1.4.0/kotlin-stdlib-common-1.4.0.jar:/Users/kailashcs/.m2/repository/org/jetbrains/kotlin/kotlin-stdlib/1.4.10/kotlin-stdlib-1.4.10.jar:/Users/kailashcs/.m2/repository/org/jetbrains/annotations/13.0/annotations-13.0.jar:/Users/kailashcs/.m2/repository/org/apache/httpcomponents/httpclient/4.5.14/httpclient-4.5.14.jar:/Users/kailashcs/.m2/repository/org/apache/httpcomponents/httpcore/4.4.16/httpcore-4.4.16.jar:/Users/kailashcs/.m2/repository/commons-logging/commons-logging/1.2/commons-logging-1.2.jar:/Users/kailashcs/.m2/repository/commons-codec/commons-codec/1.11/commons-codec-1.11.jar:/Users/kailashcs/.m2/repository/org/json/json/20210307/json-20210307.jar:/Users/kailashcs/.m2/repository/jakarta/json/jakarta.json-api/2.1.1/jakarta.json-api-2.1.1.jar:/Users/kailashcs/.m2/repository/co/elastic/clients/elasticsearch-java/8.12.0/elasticsearch-java-8.12.0.jar:/Users/kailashcs/.m2/repository/com/google/code/findbugs/jsr305/3.0.2/jsr305-3.0.2.jar:/Users/kailashcs/.m2/repository/org/eclipse/parsson/parsson/1.0.0/parsson-1.0.0.jar:/Users/kailashcs/.m2/repository/io/opentelemetry/opentelemetry-api/1.29.0/opentelemetry-api-1.29.0.jar:/Users/kailashcs/.m2/repository/io/opentelemetry/opentelemetry-context/1.29.0/opentelemetry-context-1.29.0.jar:/Users/kailashcs/.m2/repository/org/elasticsearch/client/elasticsearch-rest-client/8.12.0/elasticsearch-rest-client-8.12.0.jar:/Users/kailashcs/.m2/repository/org/apache/httpcomponents/httpasyncclient/4.1.5/httpasyncclient-4.1.5.jar:/Users/kailashcs/.m2/repository/org/apache/httpcomponents/httpcore-nio/4.4.13/httpcore-nio-4.4.13.jar:/Users/kailashcs/.m2/repository/junit/junit/4.13.2/junit-4.13.2.jar:/Users/kailashcs/.m2/repository/org/hamcrest/hamcrest-core/1.3/hamcrest-core-1.3.jar:/Users/kailashcs/.m2/repository/org/mockito/mockito-core/5.3.1/mockito-core-5.3.1.jar:/Users/kailashcs/.m2/repository/net/bytebuddy/byte-buddy/1.14.4/byte-buddy-1.14.4.jar:/Users/kailashcs/.m2/repository/net/bytebuddy/byte-buddy-agent/1.14.4/byte-buddy-agent-1.14.4.jar:/Users/kailashcs/.m2/repository/org/objenesis/objenesis/3.3/objenesis-3.3.jar:"/>
    <property name="sun.cpu.endian" value="little"/>
    <property name="user.home" value="/Users/kailashcs"/>
    <property name="user.language" value="en"/>
    <property name="java.specification.vendor" value="Oracle Corporation"/>
    <property name="java.version.date" value="2024-07-16"/>
    <property name="java.home" value="/Library/Java/JavaVirtualMachines/zulu-22.jdk/Contents/Home"/>
    <property name="file.separator" value="/"/>
    <property name="basedir" value="/Users/kailashcs/Documents/HW5_Shenoy, Kasargod Kailash Chandra/Source Code/SmartHomesBackend"/>
    <property name="java.vm.compressedOopsMode" value="Zero based"/>
    <property name="line.separator" value="&#10;"/>
    <property name="java.vm.specification.vendor" value="Oracle Corporation"/>
    <property name="java.specification.name" value="Java Platform API Specification"/>
    <property name="apple.awt.application.name" value="ForkedBooter"/>
    <property name="surefire.real.class.path" value="/Users/kailashcs/Documents/HW5_Shenoy, Kasargod Kailash Chandra/Source Code/SmartHomesBackend/target/surefire/surefirebooter-20241121123536869_3.jar"/>
    <property name="sun.management.compiler" value="HotSpot 64-Bit Tiered Compilers"/>
    <property name="ftp.nonProxyHosts" value="local|*.local|169.254/16|*.169.254/16"/>
    <property name="java.runtime.version" value="22.0.2+9"/>
    <property name="user.name" value="kailashcs"/>
    <property name="stdout.encoding" value="UTF-8"/>
    <property name="path.separator" value=":"/>
    <property name="os.version" value="15.0.1"/>
    <property name="java.runtime.name" value="OpenJDK Runtime Environment"/>
    <property name="file.encoding" value="UTF-8"/>
    <property name="java.vm.name" value="OpenJDK 64-Bit Server VM"/>
    <property name="java.vendor.version" value="Zulu22.32+15-CA"/>
    <property name="localRepository" value="/Users/kailashcs/.m2/repository"/>
    <property name="java.vendor.url.bug" value="http://www.azul.com/support/"/>
    <property name="java.io.tmpdir" value="/var/folders/w8/g7zddw2x5j1g7rt_m2vh22k80000gn/T/"/>
    <property name="java.version" value="22.0.2"/>
    <property name="user.dir" value="/Users/kailashcs/Documents/HW5_Shenoy, Kasargod Kailash Chandra/Source Code/SmartHomesBackend"/>
    <property name="os.arch" value="aarch64"/>
    <property name="java.vm.specification.name" value="Java Virtual Machine Specification"/>
    <property name="native.encoding" value="UTF-8"/>
    <property name="java.library.path" value="/Users/kailashcs/Library/Java/Extensions:/Library/Java/Extensions:/Network/Library/Java/Extensions:/System/Library/Java/Extensions:/usr/lib/java:."/>
    <property name="java.vm.info" value="mixed mode, sharing"/>
    <property name="stderr.encoding" value="UTF-8"/>
    <property name="java.vendor" value="Azul Systems, Inc."/>
    <property name="java.vm.version" value="22.0.2+9"/>
    <property name="sun.io.unicode.encoding" value="UnicodeBig"/>
    <property name="socksNonProxyHosts" value="local|*.local|169.254/16|*.169.254/16"/>
    <property name="java.class.version" value="66.0"/>
  </properties>
  <testcase name="testReviewSearch" classname="com.smarthomes.test.TestSemanticSearch" time="0.92">
    <system-err><![CDATA[Nov 21, 2024 12:35:38 PM com.smarthomes.util.OpenAIUtil setApiKey
INFO: OpenAI API key validated successfully
SLF4J: No SLF4J providers were found.
SLF4J: Defaulting to no-operation (NOP) logger implementation
SLF4J: See http://www.slf4j.org/codes.html#noProviders for further details.
Nov 21, 2024 12:35:39 PM com.smarthomes.util.DatabaseConfig <clinit>
INFO: Database connection pool initialized successfully
Nov 21, 2024 12:35:39 PM com.smarthomes.util.DatabaseConfig getConnection
INFO: Database connection obtained successfully
Nov 21, 2024 12:35:39 PM com.smarthomes.util.DatabaseConnection getConnection
INFO: Database connection obtained successfully
Nov 21, 2024 12:35:39 PM com.smarthomes.test.TestSemanticSearch testReviewSearch
INFO: Found review: Not satisfied with the ThermoSmart Elite. Had issues with connectivity issues. Had issues with app bugs. Needs improvement.
Nov 21, 2024 12:35:39 PM com.smarthomes.util.DatabaseConfig getConnection
INFO: Database connection obtained successfully
Nov 21, 2024 12:35:39 PM com.smarthomes.util.DatabaseConnection getConnection
INFO: Database connection obtained successfully
Nov 21, 2024 12:35:39 PM com.smarthomes.test.TestSemanticSearch testReviewSearch
INFO: Found review: I'm very impressed with the ThermoSmart Elite. The remote control feature is exceptional. The efficient feature is exceptional. Highly recommended!
Nov 21, 2024 12:35:39 PM com.smarthomes.util.DatabaseConfig getConnection
INFO: Database connection obtained successfully
Nov 21, 2024 12:35:39 PM com.smarthomes.util.DatabaseConnection getConnection
INFO: Database connection obtained successfully
Nov 21, 2024 12:35:39 PM com.smarthomes.test.TestSemanticSearch testReviewSearch
INFO: Found review: I'm very impressed with the ThermoSmart Elite. The easy to use feature is exceptional. The remote control feature is exceptional. Highly recommended!
]]></system-err>
  </testcase>
  <testcase name="testProductRecommendation" classname="com.smarthomes.test.TestSemanticSearch" time="0.409">
    <system-err><![CDATA[Nov 21, 2024 12:35:39 PM com.smarthomes.util.DatabaseConfig getConnection
INFO: Database connection obtained successfully
Nov 21, 2024 12:35:39 PM com.smarthomes.util.DatabaseConnection getConnection
INFO: Database connection obtained successfully
Nov 21, 2024 12:35:39 PM com.smarthomes.test.TestSemanticSearch testProductRecommendation
INFO: Found product: Ring Video Doorbell 3
Nov 21, 2024 12:35:39 PM com.smarthomes.util.DatabaseConfig getConnection
INFO: Database connection obtained successfully
Nov 21, 2024 12:35:39 PM com.smarthomes.util.DatabaseConnection getConnection
INFO: Database connection obtained successfully
Nov 21, 2024 12:35:39 PM com.smarthomes.test.TestSemanticSearch testProductRecommendation
INFO: Found product: Smart Doorbell 
Nov 21, 2024 12:35:39 PM com.smarthomes.util.DatabaseConfig getConnection
INFO: Database connection obtained successfully
Nov 21, 2024 12:35:39 PM com.smarthomes.util.DatabaseConnection getConnection
INFO: Database connection obtained successfully
Nov 21, 2024 12:35:39 PM com.smarthomes.test.TestSemanticSearch testProductRecommendation
INFO: Found product: Smart Speaker Ultra
]]></system-err>
  </testcase>
</testsuite>